<?xml version="1.0" encoding="UTF-8"?>
<testsuite name="com.example.calculation.CalculatorTest" tests="2" skipped="0" failures="0" errors="0" timestamp="2020-04-01T06:11:59" hostname="Kimui-iMac.local" time="0.001">
  <properties/>
  <testcase name="subtract" classname="com.example.calculation.CalculatorTest" time="0.001"/>
  <testcase name="add" classname="com.example.calculation.CalculatorTest" time="0.0"/>
  <system-out><![CDATA[]]></system-out>
  <system-err><![CDATA[]]></system-err>
</testsuite>
